<?xml version="1.0" encoding="UTF-8"?>
<testsuite name="com.linkedlist.MyNodeTest" tests="1" skipped="0" failures="0" errors="0" timestamp="2021-06-11T10:50:23" hostname="DESKTOP-3A5DM76" time="0.029">
  <properties/>
  <testcase name="given3NumberWhenLinkedShouldPassesLinkedListTest()" classname="com.linkedlist.MyNodeTest" time="0.029"/>
  <system-out><![CDATA[]]></system-out>
  <system-err><![CDATA[]]></system-err>
</testsuite>
